<?xml version="1.0" encoding="UTF-8"?>
<testng-results skipped="0" failed="0" ignored="0" total="2" passed="2">
  <reporter-output>
  </reporter-output>
  <suite name="Default suite" duration-ms="26942" started-at="2018-02-25T13:43:31Z" finished-at="2018-02-25T13:43:58Z">
    <groups>
      <group name="cucumber">
        <method signature="AbstractTestNGCucumberTests.feature(cucumber.api.testng.CucumberFeatureWrapper)[pri:0, instance:JIRAIntegration.Cucumber.Runner.TestRunner@7085bdee]" name="feature" class="cucumber.api.testng.AbstractTestNGCucumberTests"/>
      </group> <!-- cucumber -->
    </groups>
    <test name="Default test" duration-ms="26942" started-at="2018-02-25T13:43:31Z" finished-at="2018-02-25T13:43:58Z">
      <class name="JIRAIntegration.Cucumber.Runner.TestRunner">
        <test-method status="PASS" signature="initiateReport()[pri:0, instance:JIRAIntegration.Cucumber.Runner.TestRunner@7085bdee]" name="initiateReport" is-config="true" duration-ms="10" started-at="2018-02-25T19:13:31Z" finished-at="2018-02-25T19:13:31Z">
          <reporter-output>
          </reporter-output>
        </test-method> <!-- initiateReport -->
        <test-method status="PASS" signature="setUpClass()[pri:0, instance:JIRAIntegration.Cucumber.Runner.TestRunner@7085bdee]" name="setUpClass" is-config="true" duration-ms="211" started-at="2018-02-25T19:13:31Z" finished-at="2018-02-25T19:13:31Z">
          <reporter-output>
          </reporter-output>
        </test-method> <!-- setUpClass -->
        <test-method status="PASS" signature="feature(cucumber.api.testng.CucumberFeatureWrapper)[pri:0, instance:JIRAIntegration.Cucumber.Runner.TestRunner@7085bdee]" name="feature" duration-ms="13787" started-at="2018-02-25T19:13:31Z" description="Runs Cucumber Feature" data-provider="features" finished-at="2018-02-25T19:13:45Z">
          <params>
            <param index="0">
              <value>
                <![CDATA[MyEpic2]]>
              </value>
            </param>
          </params>
          <reporter-output>
          </reporter-output>
        </test-method> <!-- feature -->
        <test-method status="PASS" signature="feature(cucumber.api.testng.CucumberFeatureWrapper)[pri:0, instance:JIRAIntegration.Cucumber.Runner.TestRunner@7085bdee]" name="feature" duration-ms="12780" started-at="2018-02-25T19:13:45Z" description="Runs Cucumber Feature" data-provider="features" finished-at="2018-02-25T19:13:58Z">
          <params>
            <param index="0">
              <value>
                <![CDATA[MyEpic2]]>
              </value>
            </param>
          </params>
          <reporter-output>
          </reporter-output>
        </test-method> <!-- feature -->
        <test-method status="PASS" signature="tearDownClass()[pri:0, instance:JIRAIntegration.Cucumber.Runner.TestRunner@7085bdee]" name="tearDownClass" is-config="true" duration-ms="55" started-at="2018-02-25T19:13:58Z" finished-at="2018-02-25T19:13:58Z">
          <reporter-output>
          </reporter-output>
        </test-method> <!-- tearDownClass -->
      </class> <!-- JIRAIntegration.Cucumber.Runner.TestRunner -->
    </test> <!-- Default test -->
  </suite> <!-- Default suite -->
</testng-results>
