<?xml version="1.0" encoding="UTF-8"?>
<testng-results skipped="0" failed="0" ignored="0" total="1" passed="1">
  <reporter-output>
  </reporter-output>
  <suite name="Default suite" duration-ms="17516" started-at="2018-02-19T22:10:29Z" finished-at="2018-02-19T22:10:46Z">
    <groups>
      <group name="cucumber">
        <method signature="AbstractTestNGCucumberTests.feature(cucumber.api.testng.CucumberFeatureWrapper)[pri:0, instance:JIRAIntegration.Cucumber.Runner.TestRunner@64bfbc86]" name="feature" class="cucumber.api.testng.AbstractTestNGCucumberTests"/>
      </group> <!-- cucumber -->
    </groups>
    <test name="Default test" duration-ms="17516" started-at="2018-02-19T22:10:29Z" finished-at="2018-02-19T22:10:46Z">
      <class name="JIRAIntegration.Cucumber.Runner.TestRunner">
        <test-method status="PASS" signature="setUpClass()[pri:0, instance:JIRAIntegration.Cucumber.Runner.TestRunner@64bfbc86]" name="setUpClass" is-config="true" duration-ms="245" started-at="2018-02-20T03:40:29Z" finished-at="2018-02-20T03:40:29Z">
          <reporter-output>
          </reporter-output>
        </test-method> <!-- setUpClass -->
        <test-method status="PASS" signature="feature(cucumber.api.testng.CucumberFeatureWrapper)[pri:0, instance:JIRAIntegration.Cucumber.Runner.TestRunner@64bfbc86]" name="feature" duration-ms="17041" started-at="2018-02-20T03:40:29Z" description="Runs Cucumber Feature" data-provider="features" finished-at="2018-02-20T03:40:46Z">
          <params>
            <param index="0">
              <value>
                <![CDATA[MyEpic2]]>
              </value>
            </param>
          </params>
          <reporter-output>
          </reporter-output>
        </test-method> <!-- feature -->
        <test-method status="PASS" signature="tearDownClass()[pri:0, instance:JIRAIntegration.Cucumber.Runner.TestRunner@64bfbc86]" name="tearDownClass" is-config="true" duration-ms="112" started-at="2018-02-20T03:40:46Z" finished-at="2018-02-20T03:40:46Z">
          <reporter-output>
          </reporter-output>
        </test-method> <!-- tearDownClass -->
      </class> <!-- JIRAIntegration.Cucumber.Runner.TestRunner -->
    </test> <!-- Default test -->
  </suite> <!-- Default suite -->
</testng-results>
